[0.010s] Invoking command in '/home/adoodevv/Desktop/simulation/build/robot_package': CMAKE_PREFIX_PATH=${CMAKE_PREFIX_PATH}:/opt/ros/humble /usr/bin/cmake --build /home/adoodevv/Desktop/simulation/build/robot_package -- -j4 -l4
[0.033s] -- Found ament_cmake: 1.3.9 (/opt/ros/humble/share/ament_cmake/cmake)
[0.155s] -- Found rclpy: 3.3.13 (/opt/ros/humble/share/rclpy/cmake)
[0.167s] [31mCMake Error at CMakeLists.txt:6 (find_package):
[0.167s]   By not providing "Findgazebo_ros.cmake" in CMAKE_MODULE_PATH this project
[0.168s]   has asked CMake to find a package configuration file provided by
[0.168s]   "gazebo_ros", but CMake did not find one.
[0.168s] 
[0.168s]   Could not find a package configuration file provided by "gazebo_ros" with
[0.168s]   any of the following names:
[0.168s] 
[0.168s]     gazebo_rosConfig.cmake
[0.168s]     gazebo_ros-config.cmake
[0.168s] 
[0.169s]   Add the installation prefix of "gazebo_ros" to CMAKE_PREFIX_PATH or set
[0.169s]   "gazebo_ros_DIR" to a directory containing one of the above files.  If
[0.169s]   "gazebo_ros" provides a separate development package or SDK, be sure it has
[0.169s]   been installed.
[0.169s] 
[0.169s] [0m
[0.169s] -- Configuring incomplete, errors occurred!
[0.169s] See also "/home/adoodevv/Desktop/simulation/build/robot_package/CMakeFiles/CMakeOutput.log".
[0.170s] gmake: *** [Makefile:226: cmake_check_build_system] Error 1
[0.172s] Invoked command in '/home/adoodevv/Desktop/simulation/build/robot_package' returned '2': CMAKE_PREFIX_PATH=${CMAKE_PREFIX_PATH}:/opt/ros/humble /usr/bin/cmake --build /home/adoodevv/Desktop/simulation/build/robot_package -- -j4 -l4
