[0.011s] Invoking command in '/home/adoodevv/Desktop/simulation/build/robot_package': CMAKE_PREFIX_PATH=${CMAKE_PREFIX_PATH}:/opt/ros/humble /usr/bin/cmake --build /home/adoodevv/Desktop/simulation/build/robot_package -- -j4 -l4
[0.039s] -- Found ament_cmake: 1.3.9 (/opt/ros/humble/share/ament_cmake/cmake)
[0.168s] -- Found rclpy: 3.3.13 (/opt/ros/humble/share/rclpy/cmake)
[0.235s] -- Configuring done
[0.238s] -- Generating done
[0.239s] -- Build files have been written to: /home/adoodevv/Desktop/simulation/build/robot_package
[0.257s] Invoked command in '/home/adoodevv/Desktop/simulation/build/robot_package' returned '0': CMAKE_PREFIX_PATH=${CMAKE_PREFIX_PATH}:/opt/ros/humble /usr/bin/cmake --build /home/adoodevv/Desktop/simulation/build/robot_package -- -j4 -l4
[0.281s] Invoking command in '/home/adoodevv/Desktop/simulation/build/robot_package': CMAKE_PREFIX_PATH=${CMAKE_PREFIX_PATH}:/opt/ros/humble /usr/bin/cmake --install /home/adoodevv/Desktop/simulation/build/robot_package
[0.288s] -- Install configuration: ""
[0.288s] -- Up-to-date: /home/adoodevv/Desktop/simulation/install/robot_package/share/robot_package/launch
[0.288s] -- Up-to-date: /home/adoodevv/Desktop/simulation/install/robot_package/share/robot_package/launch/robot_controller.launch.py
[0.289s] -- Up-to-date: /home/adoodevv/Desktop/simulation/install/robot_package/share/robot_package/launch/gazebo.launch.py
[0.289s] -- Up-to-date: /home/adoodevv/Desktop/simulation/install/robot_package/share/robot_package/models
[0.289s] -- Up-to-date: /home/adoodevv/Desktop/simulation/install/robot_package/share/robot_package/models/sojourner
[0.289s] -- Up-to-date: /home/adoodevv/Desktop/simulation/install/robot_package/share/robot_package/models/sojourner/model.config
[0.289s] -- Up-to-date: /home/adoodevv/Desktop/simulation/install/robot_package/share/robot_package/models/sojourner/model.sdf
[0.289s] -- Up-to-date: /home/adoodevv/Desktop/simulation/install/robot_package/share/ament_index/resource_index/package_run_dependencies/robot_package
[0.289s] -- Up-to-date: /home/adoodevv/Desktop/simulation/install/robot_package/share/ament_index/resource_index/parent_prefix_path/robot_package
[0.289s] -- Up-to-date: /home/adoodevv/Desktop/simulation/install/robot_package/share/robot_package/environment/ament_prefix_path.sh
[0.290s] -- Installing: /home/adoodevv/Desktop/simulation/install/robot_package/share/robot_package/environment/ament_prefix_path.dsv
[0.290s] -- Up-to-date: /home/adoodevv/Desktop/simulation/install/robot_package/share/robot_package/environment/path.sh
[0.290s] -- Installing: /home/adoodevv/Desktop/simulation/install/robot_package/share/robot_package/environment/path.dsv
[0.290s] -- Up-to-date: /home/adoodevv/Desktop/simulation/install/robot_package/share/robot_package/local_setup.bash
[0.290s] -- Up-to-date: /home/adoodevv/Desktop/simulation/install/robot_package/share/robot_package/local_setup.sh
[0.290s] -- Up-to-date: /home/adoodevv/Desktop/simulation/install/robot_package/share/robot_package/local_setup.zsh
[0.290s] -- Installing: /home/adoodevv/Desktop/simulation/install/robot_package/share/robot_package/local_setup.dsv
[0.290s] -- Installing: /home/adoodevv/Desktop/simulation/install/robot_package/share/robot_package/package.dsv
[0.290s] -- Up-to-date: /home/adoodevv/Desktop/simulation/install/robot_package/share/ament_index/resource_index/packages/robot_package
[0.290s] -- Up-to-date: /home/adoodevv/Desktop/simulation/install/robot_package/share/robot_package/cmake/robot_packageConfig.cmake
[0.290s] -- Up-to-date: /home/adoodevv/Desktop/simulation/install/robot_package/share/robot_package/cmake/robot_packageConfig-version.cmake
[0.291s] -- Up-to-date: /home/adoodevv/Desktop/simulation/install/robot_package/share/robot_package/package.xml
[0.292s] Invoked command in '/home/adoodevv/Desktop/simulation/build/robot_package' returned '0': CMAKE_PREFIX_PATH=${CMAKE_PREFIX_PATH}:/opt/ros/humble /usr/bin/cmake --install /home/adoodevv/Desktop/simulation/build/robot_package
