[0.152s] DEBUG:colcon:Command line arguments: ['/usr/bin/colcon', 'build']
[0.152s] DEBUG:colcon:Parsed command line arguments: Namespace(log_base=None, log_level=None, verb_name='build', build_base='build', install_base='install', merge_install=False, symlink_install=False, test_result_base=None, continue_on_error=False, executor='parallel', parallel_workers=4, event_handlers=None, ignore_user_meta=False, metas=['./colcon.meta'], base_paths=['.'], packages_ignore=None, packages_ignore_regex=None, paths=None, packages_up_to=None, packages_up_to_regex=None, packages_above=None, packages_above_and_dependencies=None, packages_above_depth=None, packages_select_by_dep=None, packages_skip_by_dep=None, packages_skip_up_to=None, packages_select_build_failed=False, packages_skip_build_finished=False, packages_select_test_failures=False, packages_skip_test_passed=False, packages_select=None, packages_skip=None, packages_select_regex=None, packages_skip_regex=None, packages_start=None, packages_end=None, allow_overriding=[], cmake_args=None, cmake_target=None, cmake_target_skip_unavailable=False, cmake_clean_cache=False, cmake_clean_first=False, cmake_force_configure=False, ament_cmake_args=None, catkin_cmake_args=None, catkin_skip_building_tests=False, mixin_files=None, mixin=None, verb_parser=<colcon_mixin.mixin.mixin_argument.MixinArgumentDecorator object at 0x7106a5af29b0>, verb_extension=<colcon_core.verb.build.BuildVerb object at 0x7106a5af23b0>, main=<bound method BuildVerb.main of <colcon_core.verb.build.BuildVerb object at 0x7106a5af23b0>>, mixin_verb=('build',))
[0.390s] Level 1:colcon.colcon_core.package_discovery:discover_packages(colcon_meta) check parameters
[0.391s] Level 1:colcon.colcon_core.package_discovery:discover_packages(recursive) check parameters
[0.391s] Level 1:colcon.colcon_core.package_discovery:discover_packages(ignore) check parameters
[0.391s] Level 1:colcon.colcon_core.package_discovery:discover_packages(path) check parameters
[0.391s] Level 1:colcon.colcon_core.package_discovery:discover_packages(colcon_meta) discover
[0.391s] Level 1:colcon.colcon_core.package_discovery:discover_packages(recursive) discover
[0.391s] INFO:colcon.colcon_core.package_discovery:Crawling recursively for packages in '/home/adoodevv/Desktop/simulation'
[0.391s] Level 1:colcon.colcon_core.package_identification:_identify(.) by extensions ['ignore', 'ignore_ament_install']
[0.391s] Level 1:colcon.colcon_core.package_identification:_identify(.) by extension 'ignore'
[0.391s] Level 1:colcon.colcon_core.package_identification:_identify(.) by extension 'ignore_ament_install'
[0.391s] Level 1:colcon.colcon_core.package_identification:_identify(.) by extensions ['colcon_pkg']
[0.392s] Level 1:colcon.colcon_core.package_identification:_identify(.) by extension 'colcon_pkg'
[0.392s] Level 1:colcon.colcon_core.package_identification:_identify(.) by extensions ['colcon_meta']
[0.392s] Level 1:colcon.colcon_core.package_identification:_identify(.) by extension 'colcon_meta'
[0.392s] Level 1:colcon.colcon_core.package_identification:_identify(.) by extensions ['ros']
[0.392s] Level 1:colcon.colcon_core.package_identification:_identify(.) by extension 'ros'
[0.402s] Level 1:colcon.colcon_core.package_identification:_identify(.) by extensions ['cmake', 'python']
[0.402s] Level 1:colcon.colcon_core.package_identification:_identify(.) by extension 'cmake'
[0.402s] Level 1:colcon.colcon_core.package_identification:_identify(.) by extension 'python'
[0.403s] Level 1:colcon.colcon_core.package_identification:_identify(.) by extensions ['python_setup_py']
[0.403s] Level 1:colcon.colcon_core.package_identification:_identify(.) by extension 'python_setup_py'
[0.403s] Level 1:colcon.colcon_core.package_identification:_identify(build) by extensions ['ignore', 'ignore_ament_install']
[0.403s] Level 1:colcon.colcon_core.package_identification:_identify(build) by extension 'ignore'
[0.403s] Level 1:colcon.colcon_core.package_identification:_identify(build) ignored
[0.403s] Level 1:colcon.colcon_core.package_identification:_identify(install) by extensions ['ignore', 'ignore_ament_install']
[0.403s] Level 1:colcon.colcon_core.package_identification:_identify(install) by extension 'ignore'
[0.403s] Level 1:colcon.colcon_core.package_identification:_identify(install) ignored
[0.404s] Level 1:colcon.colcon_core.package_identification:_identify(log) by extensions ['ignore', 'ignore_ament_install']
[0.404s] Level 1:colcon.colcon_core.package_identification:_identify(log) by extension 'ignore'
[0.404s] Level 1:colcon.colcon_core.package_identification:_identify(log) ignored
[0.404s] Level 1:colcon.colcon_core.package_identification:_identify(src) by extensions ['ignore', 'ignore_ament_install']
[0.404s] Level 1:colcon.colcon_core.package_identification:_identify(src) by extension 'ignore'
[0.404s] Level 1:colcon.colcon_core.package_identification:_identify(src) by extension 'ignore_ament_install'
[0.404s] Level 1:colcon.colcon_core.package_identification:_identify(src) by extensions ['colcon_pkg']
[0.404s] Level 1:colcon.colcon_core.package_identification:_identify(src) by extension 'colcon_pkg'
[0.404s] Level 1:colcon.colcon_core.package_identification:_identify(src) by extensions ['colcon_meta']
[0.404s] Level 1:colcon.colcon_core.package_identification:_identify(src) by extension 'colcon_meta'
[0.404s] Level 1:colcon.colcon_core.package_identification:_identify(src) by extensions ['ros']
[0.404s] Level 1:colcon.colcon_core.package_identification:_identify(src) by extension 'ros'
[0.405s] Level 1:colcon.colcon_core.package_identification:_identify(src) by extensions ['cmake', 'python']
[0.405s] Level 1:colcon.colcon_core.package_identification:_identify(src) by extension 'cmake'
[0.405s] Level 1:colcon.colcon_core.package_identification:_identify(src) by extension 'python'
[0.405s] Level 1:colcon.colcon_core.package_identification:_identify(src) by extensions ['python_setup_py']
[0.405s] Level 1:colcon.colcon_core.package_identification:_identify(src) by extension 'python_setup_py'
[0.405s] Level 1:colcon.colcon_core.package_identification:_identify(src/robot_package) by extensions ['ignore', 'ignore_ament_install']
[0.405s] Level 1:colcon.colcon_core.package_identification:_identify(src/robot_package) by extension 'ignore'
[0.405s] Level 1:colcon.colcon_core.package_identification:_identify(src/robot_package) by extension 'ignore_ament_install'
[0.405s] Level 1:colcon.colcon_core.package_identification:_identify(src/robot_package) by extensions ['colcon_pkg']
[0.405s] Level 1:colcon.colcon_core.package_identification:_identify(src/robot_package) by extension 'colcon_pkg'
[0.405s] Level 1:colcon.colcon_core.package_identification:_identify(src/robot_package) by extensions ['colcon_meta']
[0.405s] Level 1:colcon.colcon_core.package_identification:_identify(src/robot_package) by extension 'colcon_meta'
[0.405s] Level 1:colcon.colcon_core.package_identification:_identify(src/robot_package) by extensions ['ros']
[0.405s] Level 1:colcon.colcon_core.package_identification:_identify(src/robot_package) by extension 'ros'
[0.408s] DEBUG:colcon.colcon_core.package_identification:Package 'src/robot_package' with type 'ros.ament_cmake' and name 'robot_package'
[0.408s] Level 1:colcon.colcon_core.package_identification:_identify(worlds) by extensions ['ignore', 'ignore_ament_install']
[0.408s] Level 1:colcon.colcon_core.package_identification:_identify(worlds) by extension 'ignore'
[0.409s] Level 1:colcon.colcon_core.package_identification:_identify(worlds) by extension 'ignore_ament_install'
[0.409s] Level 1:colcon.colcon_core.package_identification:_identify(worlds) by extensions ['colcon_pkg']
[0.409s] Level 1:colcon.colcon_core.package_identification:_identify(worlds) by extension 'colcon_pkg'
[0.409s] Level 1:colcon.colcon_core.package_identification:_identify(worlds) by extensions ['colcon_meta']
[0.409s] Level 1:colcon.colcon_core.package_identification:_identify(worlds) by extension 'colcon_meta'
[0.409s] Level 1:colcon.colcon_core.package_identification:_identify(worlds) by extensions ['ros']
[0.409s] Level 1:colcon.colcon_core.package_identification:_identify(worlds) by extension 'ros'
[0.409s] Level 1:colcon.colcon_core.package_identification:_identify(worlds) by extensions ['cmake', 'python']
[0.409s] Level 1:colcon.colcon_core.package_identification:_identify(worlds) by extension 'cmake'
[0.409s] Level 1:colcon.colcon_core.package_identification:_identify(worlds) by extension 'python'
[0.409s] Level 1:colcon.colcon_core.package_identification:_identify(worlds) by extensions ['python_setup_py']
[0.409s] Level 1:colcon.colcon_core.package_identification:_identify(worlds) by extension 'python_setup_py'
[0.409s] Level 1:colcon.colcon_core.package_identification:_identify(worlds/materials) by extensions ['ignore', 'ignore_ament_install']
[0.409s] Level 1:colcon.colcon_core.package_identification:_identify(worlds/materials) by extension 'ignore'
[0.410s] Level 1:colcon.colcon_core.package_identification:_identify(worlds/materials) by extension 'ignore_ament_install'
[0.410s] Level 1:colcon.colcon_core.package_identification:_identify(worlds/materials) by extensions ['colcon_pkg']
[0.410s] Level 1:colcon.colcon_core.package_identification:_identify(worlds/materials) by extension 'colcon_pkg'
[0.410s] Level 1:colcon.colcon_core.package_identification:_identify(worlds/materials) by extensions ['colcon_meta']
[0.410s] Level 1:colcon.colcon_core.package_identification:_identify(worlds/materials) by extension 'colcon_meta'
[0.410s] Level 1:colcon.colcon_core.package_identification:_identify(worlds/materials) by extensions ['ros']
[0.410s] Level 1:colcon.colcon_core.package_identification:_identify(worlds/materials) by extension 'ros'
[0.410s] Level 1:colcon.colcon_core.package_identification:_identify(worlds/materials) by extensions ['cmake', 'python']
[0.410s] Level 1:colcon.colcon_core.package_identification:_identify(worlds/materials) by extension 'cmake'
[0.410s] Level 1:colcon.colcon_core.package_identification:_identify(worlds/materials) by extension 'python'
[0.410s] Level 1:colcon.colcon_core.package_identification:_identify(worlds/materials) by extensions ['python_setup_py']
[0.410s] Level 1:colcon.colcon_core.package_identification:_identify(worlds/materials) by extension 'python_setup_py'
[0.410s] Level 1:colcon.colcon_core.package_identification:_identify(worlds/materials/textures) by extensions ['ignore', 'ignore_ament_install']
[0.411s] Level 1:colcon.colcon_core.package_identification:_identify(worlds/materials/textures) by extension 'ignore'
[0.411s] Level 1:colcon.colcon_core.package_identification:_identify(worlds/materials/textures) by extension 'ignore_ament_install'
[0.411s] Level 1:colcon.colcon_core.package_identification:_identify(worlds/materials/textures) by extensions ['colcon_pkg']
[0.411s] Level 1:colcon.colcon_core.package_identification:_identify(worlds/materials/textures) by extension 'colcon_pkg'
[0.411s] Level 1:colcon.colcon_core.package_identification:_identify(worlds/materials/textures) by extensions ['colcon_meta']
[0.411s] Level 1:colcon.colcon_core.package_identification:_identify(worlds/materials/textures) by extension 'colcon_meta'
[0.411s] Level 1:colcon.colcon_core.package_identification:_identify(worlds/materials/textures) by extensions ['ros']
[0.411s] Level 1:colcon.colcon_core.package_identification:_identify(worlds/materials/textures) by extension 'ros'
[0.411s] Level 1:colcon.colcon_core.package_identification:_identify(worlds/materials/textures) by extensions ['cmake', 'python']
[0.411s] Level 1:colcon.colcon_core.package_identification:_identify(worlds/materials/textures) by extension 'cmake'
[0.411s] Level 1:colcon.colcon_core.package_identification:_identify(worlds/materials/textures) by extension 'python'
[0.411s] Level 1:colcon.colcon_core.package_identification:_identify(worlds/materials/textures) by extensions ['python_setup_py']
[0.411s] Level 1:colcon.colcon_core.package_identification:_identify(worlds/materials/textures) by extension 'python_setup_py'
[0.411s] Level 1:colcon.colcon_core.package_discovery:discover_packages(recursive) using defaults
[0.411s] Level 1:colcon.colcon_core.package_discovery:discover_packages(ignore) discover
[0.412s] Level 1:colcon.colcon_core.package_discovery:discover_packages(ignore) using defaults
[0.412s] Level 1:colcon.colcon_core.package_discovery:discover_packages(path) discover
[0.412s] Level 1:colcon.colcon_core.package_discovery:discover_packages(path) using defaults
[0.445s] Level 1:colcon.colcon_core.package_discovery:discover_packages(prefix_path) check parameters
[0.445s] Level 1:colcon.colcon_core.package_discovery:discover_packages(prefix_path) discover
[0.447s] DEBUG:colcon.colcon_installed_package_information.package_discovery:Found 4 installed packages in /home/adoodevv/wro_ws/install
[0.448s] DEBUG:colcon.colcon_installed_package_information.package_discovery:Found 304 installed packages in /opt/ros/humble
[0.450s] Level 1:colcon.colcon_core.package_discovery:discover_packages(prefix_path) using defaults
[0.492s] Level 5:colcon.colcon_core.verb:set package 'robot_package' build argument 'cmake_args' from command line to 'None'
[0.492s] Level 5:colcon.colcon_core.verb:set package 'robot_package' build argument 'cmake_target' from command line to 'None'
[0.492s] Level 5:colcon.colcon_core.verb:set package 'robot_package' build argument 'cmake_target_skip_unavailable' from command line to 'False'
[0.492s] Level 5:colcon.colcon_core.verb:set package 'robot_package' build argument 'cmake_clean_cache' from command line to 'False'
[0.492s] Level 5:colcon.colcon_core.verb:set package 'robot_package' build argument 'cmake_clean_first' from command line to 'False'
[0.492s] Level 5:colcon.colcon_core.verb:set package 'robot_package' build argument 'cmake_force_configure' from command line to 'False'
[0.493s] Level 5:colcon.colcon_core.verb:set package 'robot_package' build argument 'ament_cmake_args' from command line to 'None'
[0.493s] Level 5:colcon.colcon_core.verb:set package 'robot_package' build argument 'catkin_cmake_args' from command line to 'None'
[0.493s] Level 5:colcon.colcon_core.verb:set package 'robot_package' build argument 'catkin_skip_building_tests' from command line to 'False'
[0.493s] DEBUG:colcon.colcon_core.verb:Building package 'robot_package' with the following arguments: {'ament_cmake_args': None, 'build_base': '/home/adoodevv/Desktop/simulation/build/robot_package', 'catkin_cmake_args': None, 'catkin_skip_building_tests': False, 'cmake_args': None, 'cmake_clean_cache': False, 'cmake_clean_first': False, 'cmake_force_configure': False, 'cmake_target': None, 'cmake_target_skip_unavailable': False, 'install_base': '/home/adoodevv/Desktop/simulation/install/robot_package', 'merge_install': False, 'path': '/home/adoodevv/Desktop/simulation/src/robot_package', 'symlink_install': False, 'test_result_base': None}
[0.493s] INFO:colcon.colcon_core.executor:Executing jobs using 'parallel' executor
[0.494s] DEBUG:colcon.colcon_parallel_executor.executor.parallel:run_until_complete
[0.494s] INFO:colcon.colcon_ros.task.ament_cmake.build:Building ROS package in '/home/adoodevv/Desktop/simulation/src/robot_package' with build type 'ament_cmake'
[0.494s] INFO:colcon.colcon_cmake.task.cmake.build:Building CMake package in '/home/adoodevv/Desktop/simulation/src/robot_package'
[0.498s] INFO:colcon.colcon_core.plugin_system:Skipping extension 'colcon_core.shell.bat': Not used on non-Windows systems
[0.498s] INFO:colcon.colcon_core.shell:Skip shell extension 'powershell' for command environment: Not usable outside of PowerShell
[0.498s] DEBUG:colcon.colcon_core.shell:Skip shell extension 'dsv' for command environment
[0.508s] DEBUG:colcon.colcon_core.event_handler.log_command:Invoking command in '/home/adoodevv/Desktop/simulation/build/robot_package': CMAKE_PREFIX_PATH=${CMAKE_PREFIX_PATH}:/opt/ros/humble /usr/bin/cmake --build /home/adoodevv/Desktop/simulation/build/robot_package -- -j4 -l4
[0.690s] DEBUG:colcon.colcon_core.event_handler.log_command:Invoked command in '/home/adoodevv/Desktop/simulation/build/robot_package' returned '2': CMAKE_PREFIX_PATH=${CMAKE_PREFIX_PATH}:/opt/ros/humble /usr/bin/cmake --build /home/adoodevv/Desktop/simulation/build/robot_package -- -j4 -l4
[0.710s] Level 1:colcon.colcon_core.environment:create_environment_scripts_only(robot_package)
[0.715s] Level 1:colcon.colcon_core.environment:checking '/home/adoodevv/Desktop/simulation/install/robot_package' for CMake module files
[0.715s] Level 1:colcon.colcon_core.environment:checking '/home/adoodevv/Desktop/simulation/install/robot_package' for CMake config files
[0.715s] Level 1:colcon.colcon_core.shell:create_environment_hook('robot_package', 'cmake_prefix_path')
[0.716s] INFO:colcon.colcon_core.shell:Creating environment hook '/home/adoodevv/Desktop/simulation/install/robot_package/share/robot_package/hook/cmake_prefix_path.ps1'
[0.716s] INFO:colcon.colcon_core.shell:Creating environment descriptor '/home/adoodevv/Desktop/simulation/install/robot_package/share/robot_package/hook/cmake_prefix_path.dsv'
[0.717s] INFO:colcon.colcon_core.shell:Creating environment hook '/home/adoodevv/Desktop/simulation/install/robot_package/share/robot_package/hook/cmake_prefix_path.sh'
[0.718s] Level 1:colcon.colcon_core.environment:checking '/home/adoodevv/Desktop/simulation/install/robot_package/bin'
[0.718s] Level 1:colcon.colcon_core.environment:checking '/home/adoodevv/Desktop/simulation/install/robot_package/lib/pkgconfig/robot_package.pc'
[0.718s] Level 1:colcon.colcon_core.environment:checking '/home/adoodevv/Desktop/simulation/install/robot_package/lib/python3.10/site-packages'
[0.718s] Level 1:colcon.colcon_core.environment:checking '/home/adoodevv/Desktop/simulation/install/robot_package/bin'
[0.719s] INFO:colcon.colcon_core.shell:Creating package script '/home/adoodevv/Desktop/simulation/install/robot_package/share/robot_package/package.ps1'
[0.720s] INFO:colcon.colcon_core.shell:Creating package descriptor '/home/adoodevv/Desktop/simulation/install/robot_package/share/robot_package/package.dsv'
[0.720s] INFO:colcon.colcon_core.shell:Creating package script '/home/adoodevv/Desktop/simulation/install/robot_package/share/robot_package/package.sh'
[0.721s] INFO:colcon.colcon_core.shell:Creating package script '/home/adoodevv/Desktop/simulation/install/robot_package/share/robot_package/package.bash'
[0.722s] INFO:colcon.colcon_core.shell:Creating package script '/home/adoodevv/Desktop/simulation/install/robot_package/share/robot_package/package.zsh'
[0.723s] Level 1:colcon.colcon_core.environment:create_file_with_runtime_dependencies(/home/adoodevv/Desktop/simulation/install/robot_package/share/colcon-core/packages/robot_package)
[0.733s] DEBUG:colcon.colcon_parallel_executor.executor.parallel:closing loop
[0.734s] DEBUG:colcon.colcon_parallel_executor.executor.parallel:loop closed
[0.734s] DEBUG:colcon.colcon_parallel_executor.executor.parallel:run_until_complete finished with '2'
[0.734s] DEBUG:colcon.colcon_core.event_reactor:joining thread
[0.742s] INFO:colcon.colcon_core.plugin_system:Skipping extension 'colcon_notification.desktop_notification.terminal_notifier': Not used on non-Darwin systems
[0.742s] INFO:colcon.colcon_core.plugin_system:Skipping extension 'colcon_notification.desktop_notification.win32': Not used on non-Windows systems
[0.742s] INFO:colcon.colcon_notification.desktop_notification:Sending desktop notification using 'notify2'
[0.780s] DEBUG:colcon.colcon_core.event_reactor:joined thread
[0.780s] INFO:colcon.colcon_core.shell:Creating prefix script '/home/adoodevv/Desktop/simulation/install/local_setup.ps1'
[0.782s] INFO:colcon.colcon_core.shell:Creating prefix util module '/home/adoodevv/Desktop/simulation/install/_local_setup_util_ps1.py'
[0.784s] INFO:colcon.colcon_core.shell:Creating prefix chain script '/home/adoodevv/Desktop/simulation/install/setup.ps1'
[0.785s] INFO:colcon.colcon_core.shell:Creating prefix script '/home/adoodevv/Desktop/simulation/install/local_setup.sh'
[0.786s] INFO:colcon.colcon_core.shell:Creating prefix util module '/home/adoodevv/Desktop/simulation/install/_local_setup_util_sh.py'
[0.787s] INFO:colcon.colcon_core.shell:Creating prefix chain script '/home/adoodevv/Desktop/simulation/install/setup.sh'
[0.789s] INFO:colcon.colcon_core.shell:Creating prefix script '/home/adoodevv/Desktop/simulation/install/local_setup.bash'
[0.790s] INFO:colcon.colcon_core.shell:Creating prefix chain script '/home/adoodevv/Desktop/simulation/install/setup.bash'
[0.791s] INFO:colcon.colcon_core.shell:Creating prefix script '/home/adoodevv/Desktop/simulation/install/local_setup.zsh'
[0.792s] INFO:colcon.colcon_core.shell:Creating prefix chain script '/home/adoodevv/Desktop/simulation/install/setup.zsh'
