[0.009s] Invoking command in '/home/adoodevv/Desktop/simulation/build/robot_package': CMAKE_PREFIX_PATH=${CMAKE_PREFIX_PATH}:/opt/ros/humble /usr/bin/cmake /home/adoodevv/Desktop/simulation/src/robot_package -DCMAKE_INSTALL_PREFIX=/home/adoodevv/Desktop/simulation/install/robot_package
[0.060s] -- The C compiler identification is GNU 11.4.0
[0.111s] -- The CXX compiler identification is GNU 11.4.0
[0.119s] -- Detecting C compiler ABI info
[0.186s] -- Detecting C compiler ABI info - done
[0.193s] -- Check for working C compiler: /usr/bin/cc - skipped
[0.193s] -- Detecting C compile features
[0.194s] -- Detecting C compile features - done
[0.196s] -- Detecting CXX compiler ABI info
[0.272s] -- Detecting CXX compiler ABI info - done
[0.280s] -- Check for working CXX compiler: /usr/bin/c++ - skipped
[0.281s] -- Detecting CXX compile features
[0.281s] -- Detecting CXX compile features - done
[0.283s] -- Found ament_cmake: 1.3.9 (/opt/ros/humble/share/ament_cmake/cmake)
[0.441s] -- Found Python3: /usr/bin/python3 (found version "3.10.12") found components: Interpreter 
[0.522s] -- Found rclpy: 3.3.13 (/opt/ros/humble/share/rclpy/cmake)
[0.590s] -- Configuring done
[0.593s] -- Generating done
[0.594s] -- Build files have been written to: /home/adoodevv/Desktop/simulation/build/robot_package
[0.598s] Invoked command in '/home/adoodevv/Desktop/simulation/build/robot_package' returned '0': CMAKE_PREFIX_PATH=${CMAKE_PREFIX_PATH}:/opt/ros/humble /usr/bin/cmake /home/adoodevv/Desktop/simulation/src/robot_package -DCMAKE_INSTALL_PREFIX=/home/adoodevv/Desktop/simulation/install/robot_package
[0.600s] Invoking command in '/home/adoodevv/Desktop/simulation/build/robot_package': CMAKE_PREFIX_PATH=${CMAKE_PREFIX_PATH}:/opt/ros/humble /usr/bin/cmake --build /home/adoodevv/Desktop/simulation/build/robot_package -- -j4 -l4
[0.633s] Invoked command in '/home/adoodevv/Desktop/simulation/build/robot_package' returned '0': CMAKE_PREFIX_PATH=${CMAKE_PREFIX_PATH}:/opt/ros/humble /usr/bin/cmake --build /home/adoodevv/Desktop/simulation/build/robot_package -- -j4 -l4
[0.663s] Invoking command in '/home/adoodevv/Desktop/simulation/build/robot_package': CMAKE_PREFIX_PATH=${CMAKE_PREFIX_PATH}:/opt/ros/humble /usr/bin/cmake --install /home/adoodevv/Desktop/simulation/build/robot_package
[0.672s] -- Install configuration: ""
[0.672s] -- Installing: /home/adoodevv/Desktop/simulation/install/robot_package/share/robot_package/launch
[0.672s] -- Installing: /home/adoodevv/Desktop/simulation/install/robot_package/share/robot_package/launch/robot_controller.launch.py
[0.672s] -- Installing: /home/adoodevv/Desktop/simulation/install/robot_package/share/robot_package/launch/gazebo.launch.py
[0.672s] [31mCMake Error at cmake_install.cmake:46 (file):
[0.673s]   file INSTALL cannot find
[0.673s]   "/home/adoodevv/Desktop/simulation/src/robot_package/urdf": No such file or
[0.673s]   directory.
[0.673s] 
[0.673s] [0m
[0.675s] Invoked command in '/home/adoodevv/Desktop/simulation/build/robot_package' returned '1': CMAKE_PREFIX_PATH=${CMAKE_PREFIX_PATH}:/opt/ros/humble /usr/bin/cmake --install /home/adoodevv/Desktop/simulation/build/robot_package
